<?xml version="1.0" encoding="UTF-8"?>
<testng-results skipped="0" failed="0" ignored="0" total="1" passed="1">
  <reporter-output>
  </reporter-output>
  <suite name="GreatLearning Test Suite" duration-ms="77569" started-at="2022-05-24T14:25:26Z" finished-at="2022-05-24T14:26:44Z">
    <groups>
      <group name="cucumber">
        <method signature="AbstractTestNGCucumberTests.feature(cucumber.api.testng.CucumberFeatureWrapper)[pri:0, instance:commonUtils.TestRunner@6adede5]" name="feature" class="cucumber.api.testng.AbstractTestNGCucumberTests"/>
      </group> <!-- cucumber -->
    </groups>
    <test name="GreatLearning Test Case" duration-ms="77569" started-at="2022-05-24T14:25:26Z" finished-at="2022-05-24T14:26:44Z">
      <class name="commonUtils.TestRunner">
        <test-method status="PASS" signature="setUpClass()[pri:0, instance:commonUtils.TestRunner@6adede5]" name="setUpClass" is-config="true" duration-ms="403" started-at="2022-05-24T14:25:26Z" finished-at="2022-05-24T14:25:27Z">
          <reporter-output>
          </reporter-output>
        </test-method> <!-- setUpClass -->
        <test-method status="PASS" signature="feature(cucumber.api.testng.CucumberFeatureWrapper)[pri:0, instance:commonUtils.TestRunner@6adede5]" name="feature" duration-ms="76442" started-at="2022-05-24T14:25:27Z" description="Runs Cucumber Feature" data-provider="features" finished-at="2022-05-24T14:26:43Z">
          <params>
            <param index="0">
              <value>
                <![CDATA[GreatLearning pages automation]]>
              </value>
            </param>
          </params>
          <reporter-output>
          </reporter-output>
        </test-method> <!-- feature -->
        <test-method status="PASS" signature="tearDownClass()[pri:0, instance:commonUtils.TestRunner@6adede5]" name="tearDownClass" is-config="true" duration-ms="543" started-at="2022-05-24T14:26:43Z" finished-at="2022-05-24T14:26:44Z">
          <reporter-output>
          </reporter-output>
        </test-method> <!-- tearDownClass -->
        <test-method status="PASS" signature="setup()[pri:0, instance:commonUtils.TestRunner@6adede5]" name="setup" is-config="true" duration-ms="0" started-at="2022-05-24T14:26:44Z" finished-at="2022-05-24T14:26:44Z">
          <reporter-output>
          </reporter-output>
        </test-method> <!-- setup -->
      </class> <!-- commonUtils.TestRunner -->
    </test> <!-- GreatLearning Test Case -->
  </suite> <!-- GreatLearning Test Suite -->
</testng-results>
